[INFO] server started:3030, 9573
[INFO] request:GET / HTTP/1.1
Host: 127.0.0.1:3030
Connection: keep-alive
Cache-Control: max-age=0
Accept: text/html,application/xhtml+xml,application/xml;q=0.9,image/webp,*/*;q=0.8
User-Agent: Mozilla/5.0 (X11; Linux x86_64) AppleWebKit/537.36 (KHTML, like Gecko) Ubuntu Chromium/43.0.2357.130 Chrome/43.0.2357.130 Safari/537.36
Accept-Encoding: gzip, deflate, sdch
Accept-Language: en-US,en;q=0.8
RA-Ver: 3.0.7
RA-Sid: 72F73202-20141229-092047-4db4b5-c293bc

, 4
[INFO] SEND:index.html, 1
[INFO] Header:HTTP/1.1 200 OK
Server: nweb/1.0
Content-Length: 268
Connection: close
Content-Type: text/html

, 1
[FORBIDDEN] failed to read browser request:
[INFO] request:GET / HTTP/1.1
Host: 127.0.0.1:3030
Connection: keep-alive
Cache-Control: max-age=0
Accept: text/html,application/xhtml+xml,application/xml;q=0.9,image/webp,*/*;q=0.8
User-Agent: Mozilla/5.0 (X11; Linux x86_64) AppleWebKit/537.36 (KHTML, like Gecko) Ubuntu Chromium/43.0.2357.130 Chrome/43.0.2357.130 Safari/537.36
Accept-Encoding: gzip, deflate, sdch
Accept-Language: en-US,en;q=0.8
RA-Ver: 3.0.7
RA-Sid: 72F73202-20141229-092047-4db4b5-c293bc

, 4
[INFO] SEND:index.html, 3
[INFO] Header:HTTP/1.1 200 OK
Server: nweb/1.0
Content-Length: 268
Connection: close
Content-Type: text/html

, 3
[FORBIDDEN] failed to read browser request:
[INFO] request:GET /test.txt HTTP/1.1
Host: 127.0.0.1:3030
Connection: keep-alive
Accept: text/html,application/xhtml+xml,application/xml;q=0.9,image/webp,*/*;q=0.8
User-Agent: Mozilla/5.0 (X11; Linux x86_64) AppleWebKit/537.36 (KHTML, like Gecko) Ubuntu Chromium/43.0.2357.130 Chrome/43.0.2357.130 Safari/537.36
Accept-Encoding: gzip, deflate, sdch
Accept-Language: en-US,en;q=0.8
RA-Ver: 3.0.7
RA-Sid: 72F73202-20141229-092047-4db4b5-c293bc

, 4
[INFO] SEND:test.txt, 5
[INFO] Header:HTTP/1.1 200 OK
Server: nweb/1.0
Content-Length: 5
Connection: close
Content-Type: 

, 5
[FORBIDDEN] failed to read browser request:
[INFO] request:GET /test.txt HTTP/1.1
Host: 127.0.0.1:3030
Connection: keep-alive
Cache-Control: max-age=0
Accept: text/html,application/xhtml+xml,application/xml;q=0.9,image/webp,*/*;q=0.8
User-Agent: Mozilla/5.0 (X11; Linux x86_64) AppleWebKit/537.36 (KHTML, like Gecko) Ubuntu Chromium/43.0.2357.130 Chrome/43.0.2357.130 Safari/537.36
Accept-Encoding: gzip, deflate, sdch
Accept-Language: en-US,en;q=0.8
RA-Ver: 3.0.7
RA-Sid: 72F73202-20141229-092047-4db4b5-c293bc

, 4
[INFO] SEND:test.txt, 7
[INFO] Header:HTTP/1.1 200 OK
Server: nweb/1.0
Content-Length: 5
Connection: close
Content-Type: 

, 7
[FORBIDDEN] failed to read browser request:
